PID 15262 received SIGSEGV for address: 0x0
0   segfault-handler.node               0x0000000108384ee4 _ZL16segfault_handleriP9__siginfoPv + 288
1   libsystem_platform.dylib            0x00000001956ad6a4 _sigtramp + 56
2   naudiodon.node                      0x000000010863d154 _ZN10streampunk9PaContextC2EP10napi_env__P12napi_value__S4_ + 576
3   naudiodon.node                      0x000000010863a3fc _ZN10streampunk7AudioIOC2EP10napi_env__P20napi_callback_info__ + 660
4   naudiodon.node                      0x000000010863aa38 _ZN10streampunk7AudioIO9ConstructEP10napi_env__P20napi_callback_info__ + 124
5   node                                0x0000000102bf3008 _ZN6v8impl12_GLOBAL__N_123FunctionCallbackWrapper6InvokeERKN2v820FunctionCallbackInfoINS2_5ValueEEE + 80
6   node                                0x0000000102da00f8 _ZN2v88internal25FunctionCallbackArguments15CallOrConstructENS0_6TaggedINS0_20FunctionTemplateInfoEEEb + 276
7   node                                0x0000000102d9fcd8 _ZN2v88internal12_GLOBAL__N_119HandleApiCallHelperILb1EEENS0_11MaybeHandleINS0_6ObjectEEEPNS0_7IsolateENS0_12DirectHandleINS0_10HeapObjectEEENS8_INS0_20FunctionTemplateInfoEEENS8_IS4_EEPmi + 392
8   node                                0x0000000102d9f8b0 _ZN2v88internal8Builtins17InvokeApiFunctionEPNS0_7IsolateEbNS0_12DirectHandleINS0_20FunctionTemplateInfoEEENS4_INS0_6ObjectEEENS_4base6VectorIKS8_EENS4_INS0_10HeapObjectEEE + 316
9   node                                0x0000000102e90920 _ZN2v88internal12_GLOBAL__N_16InvokeEPNS0_7IsolateERKNS1_12InvokeParamsE + 756
10  node                                0x0000000102e911d4 _ZN2v88internal9Execution3NewEPNS0_7IsolateENS0_12DirectHandleINS0_6ObjectEEES6_NS_4base6VectorIKS6_EE + 56
11  node                                0x0000000102d6cdf0 _ZNK2v88Function29NewInstanceWithSideEffectTypeENS_5LocalINS_7ContextEEEiPNS1_INS_5ValueEEENS_14SideEffectTypeE + 352
12  node                                0x0000000102bf1318 napi_new_instance + 220
13  naudiodon.node                      0x000000010863ac00 _ZN10streampunk7AudioIO11NewInstanceEP10napi_env__P12napi_value__PS4_ + 88
14  naudiodon.node                      0x00000001086394c8 _Z6CreateP10napi_env__P20napi_callback_info__ + 116
15  node                                0x0000000102bf3008 _ZN6v8impl12_GLOBAL__N_123FunctionCallbackWrapper6InvokeERKN2v820FunctionCallbackInfoINS2_5ValueEEE + 80
16  node                                0x00000001036b6818 Builtins_CallApiCallbackGeneric + 152
17  node                                0x00000001036b4bec Builtins_InterpreterEntryTrampoline + 268
18  node                                0x00000001036b5400 Builtins_InterpreterPushArgsThenFastConstructFunction + 416
19  node                                0x0000000103844d28 Builtins_ConstructHandler + 872
20  node                                0x00000001036b4bec Builtins_InterpreterEntryTrampoline + 268
21  node                                0x00000001036b4bec Builtins_InterpreterEntryTrampoline + 268
22  node                                0x00000001036b4bec Builtins_InterpreterEntryTrampoline + 268
23  node                                0x00000001036b4bec Builtins_InterpreterEntryTrampoline + 268
24  node                                0x00000001036b4bec Builtins_InterpreterEntryTrampoline + 268
25  node                                0x00000001036b4bec Builtins_InterpreterEntryTrampoline + 268
26  node                                0x00000001036b4bec Builtins_InterpreterEntryTrampoline + 268
27  node                                0x00000001036b4bec Builtins_InterpreterEntryTrampoline + 268
28  node                                0x00000001036b4bec Builtins_InterpreterEntryTrampoline + 268
29  node                                0x00000001036b28cc Builtins_JSEntryTrampoline + 172
30  node                                0x00000001036b2570 Builtins_JSEntry + 176
31  node                                0x0000000102e90c28 _ZN2v88internal12_GLOBAL__N_16InvokeEPNS0_7IsolateERKNS1_12InvokeParamsE + 1532
